0 info it worked if it ends with ok
1 verbose cli [ '/usr/local/bin/node',
1 verbose cli   '/usr/local/bin/npm',
1 verbose cli   'install',
1 verbose cli   '-g',
1 verbose cli   'bower' ]
2 info using npm@3.3.12
3 info using node@v5.2.0
4 silly loadCurrentTree Starting
5 silly install loadCurrentTree
6 silly install readGlobalPackageData
7 silly fetchPackageMetaData bower
8 silly fetchNamedPackageData bower
9 silly mapToRegistry name bower
10 silly mapToRegistry using default registry
11 silly mapToRegistry registry https://registry.npmjs.org/
12 silly mapToRegistry uri https://registry.npmjs.org/bower
13 verbose request uri https://registry.npmjs.org/bower
14 verbose request no auth needed
15 info attempt registry request try #1 at 10:39:26 PM
16 verbose request id 8a142e12335d4dae
17 verbose etag "WMS15KBO8YHM3MBRQIVZ8XPB"
18 http request GET https://registry.npmjs.org/bower
19 http 200 https://registry.npmjs.org/bower
20 verbose headers { server: 'CouchDB/1.5.0 (Erlang OTP/R16B03)',
20 verbose headers   etag: '"AGDMM96N55KIQKEY6915Q429O"',
20 verbose headers   'content-type': 'application/json',
20 verbose headers   'content-encoding': 'gzip',
20 verbose headers   'cache-control': 'max-age=300',
20 verbose headers   'content-length': '20508',
20 verbose headers   'accept-ranges': 'bytes',
20 verbose headers   date: 'Tue, 19 Jul 2016 02:39:26 GMT',
20 verbose headers   via: '1.1 varnish',
20 verbose headers   age: '285',
20 verbose headers   connection: 'keep-alive',
20 verbose headers   'x-served-by': 'cache-jfk1040-JFK',
20 verbose headers   'x-cache': 'HIT',
20 verbose headers   'x-cache-hits': '2',
20 verbose headers   'x-timer': 'S1468895966.609687,VS0,VE0',
20 verbose headers   vary: 'Accept-Encoding' }
21 silly get cb [ 200,
21 silly get   { server: 'CouchDB/1.5.0 (Erlang OTP/R16B03)',
21 silly get     etag: '"AGDMM96N55KIQKEY6915Q429O"',
21 silly get     'content-type': 'application/json',
21 silly get     'content-encoding': 'gzip',
21 silly get     'cache-control': 'max-age=300',
21 silly get     'content-length': '20508',
21 silly get     'accept-ranges': 'bytes',
21 silly get     date: 'Tue, 19 Jul 2016 02:39:26 GMT',
21 silly get     via: '1.1 varnish',
21 silly get     age: '285',
21 silly get     connection: 'keep-alive',
21 silly get     'x-served-by': 'cache-jfk1040-JFK',
21 silly get     'x-cache': 'HIT',
21 silly get     'x-cache-hits': '2',
21 silly get     'x-timer': 'S1468895966.609687,VS0,VE0',
21 silly get     vary: 'Accept-Encoding' } ]
22 verbose get saving bower to /Users/udaisingh/.npm/registry.npmjs.org/bower/.cache.json
23 silly install normalizeTree
24 silly loadCurrentTree Finishing
25 silly loadIdealTree Starting
26 silly install loadIdealTree
27 silly cloneCurrentTree Starting
28 silly install cloneCurrentTreeToIdealTree
29 silly cloneCurrentTree Finishing
30 silly loadShrinkwrap Starting
31 silly install loadShrinkwrap
32 silly loadShrinkwrap Finishing
33 silly loadAllDepsIntoIdealTree Starting
34 silly install loadAllDepsIntoIdealTree
35 silly resolveWithNewModule bower@1.7.9 checking installable status
36 silly cache add args [ 'bower', null ]
37 verbose cache add spec bower
38 silly cache add parsed spec Result {
38 silly cache add   raw: 'bower',
38 silly cache add   scope: null,
38 silly cache add   name: 'bower',
38 silly cache add   rawSpec: '',
38 silly cache add   spec: '*',
38 silly cache add   type: 'range' }
39 silly addNamed bower@*
40 verbose addNamed "*" is a valid semver range for bower
41 silly addNameRange { name: 'bower', range: '*', hasData: false }
42 silly mapToRegistry name bower
43 silly mapToRegistry using default registry
44 silly mapToRegistry registry https://registry.npmjs.org/
45 silly mapToRegistry uri https://registry.npmjs.org/bower
46 verbose addNameRange registry:https://registry.npmjs.org/bower not in flight; fetching
47 verbose get https://registry.npmjs.org/bower not expired, no request
48 silly addNameRange number 2 { name: 'bower', range: '*', hasData: true }
49 silly addNameRange versions [ 'bower',
49 silly addNameRange   [ '0.1.0',
49 silly addNameRange     '0.1.2',
49 silly addNameRange     '0.1.3',
49 silly addNameRange     '0.2.0',
49 silly addNameRange     '0.3.0',
49 silly addNameRange     '0.3.1',
49 silly addNameRange     '0.3.2',
49 silly addNameRange     '0.4.0',
49 silly addNameRange     '0.5.0',
49 silly addNameRange     '0.5.1',
49 silly addNameRange     '0.6.0',
49 silly addNameRange     '0.6.1',
49 silly addNameRange     '0.6.2',
49 silly addNameRange     '0.6.3',
49 silly addNameRange     '0.6.4',
49 silly addNameRange     '0.6.5',
49 silly addNameRange     '0.6.6',
49 silly addNameRange     '0.6.7',
49 silly addNameRange     '0.6.8',
49 silly addNameRange     '0.7.0',
49 silly addNameRange     '0.7.1',
49 silly addNameRange     '0.8.0',
49 silly addNameRange     '0.8.1',
49 silly addNameRange     '0.8.2',
49 silly addNameRange     '0.8.3',
49 silly addNameRange     '0.8.4',
49 silly addNameRange     '0.8.5',
49 silly addNameRange     '0.8.6',
49 silly addNameRange     '0.9.0',
49 silly addNameRange     '0.9.1',
49 silly addNameRange     '0.9.2',
49 silly addNameRange     '0.10.0',
49 silly addNameRange     '1.0.0',
49 silly addNameRange     '1.0.1',
49 silly addNameRange     '1.0.2',
49 silly addNameRange     '1.0.3',
49 silly addNameRange     '1.1.0',
49 silly addNameRange     '1.1.1',
49 silly addNameRange     '1.1.2',
49 silly addNameRange     '1.2.0',
49 silly addNameRange     '1.2.1',
49 silly addNameRange     '1.2.2',
49 silly addNameRange     '1.2.3',
49 silly addNameRange     '1.2.4',
49 silly addNameRange     '1.2.5',
49 silly addNameRange     '1.2.6',
49 silly addNameRange     '1.2.7',
49 silly addNameRange     '1.2.8',
49 silly addNameRange     '1.3.0',
49 silly addNameRange     '1.3.1',
49 silly addNameRange     '1.3.2',
49 silly addNameRange     '1.3.3',
49 silly addNameRange     '1.3.4',
49 silly addNameRange     '1.3.5',
49 silly addNameRange     '1.3.6',
49 silly addNameRange     '1.3.7',
49 silly addNameRange     '1.3.8',
49 silly addNameRange     '1.3.9',
49 silly addNameRange     '1.3.10',
49 silly addNameRange     '1.3.11',
49 silly addNameRange     '1.3.12',
49 silly addNameRange     '1.4.0',
49 silly addNameRange     '1.4.1',
49 silly addNameRange     '1.5.0',
49 silly addNameRange     '1.5.1',
49 silly addNameRange     '1.5.2',
49 silly addNameRange     '1.5.3',
49 silly addNameRange     '1.6.2',
49 silly addNameRange     '1.6.3',
49 silly addNameRange     '1.6.4',
49 silly addNameRange     '1.6.5',
49 silly addNameRange     '1.5.4',
49 silly addNameRange     '1.4.2',
49 silly addNameRange     '1.6.6',
49 silly addNameRange     '1.6.7',
49 silly addNameRange     '1.6.8',
49 silly addNameRange     '1.6.9',
49 silly addNameRange     '1.7.0',
49 silly addNameRange     '1.7.1',
49 silly addNameRange     '1.7.2',
49 silly addNameRange     '1.7.5',
49 silly addNameRange     '1.7.6',
49 silly addNameRange     '1.7.7',
49 silly addNameRange     '1.7.8',
49 silly addNameRange     '1.7.9' ] ]
50 silly addNamed bower@1.7.9
51 verbose addNamed "1.7.9" is a plain semver version for bower
52 silly mapToRegistry name bower
53 silly mapToRegistry using default registry
54 silly mapToRegistry registry https://registry.npmjs.org/
55 silly mapToRegistry uri https://registry.npmjs.org/bower
56 verbose addRemoteTarball https://registry.npmjs.org/bower/-/bower-1.7.9.tgz not in flight; adding
57 verbose addRemoteTarball [ 'https://registry.npmjs.org/bower/-/bower-1.7.9.tgz',
57 verbose addRemoteTarball   'b7296c2393e0d75edaa6ca39648132dd255812b0' ]
58 info retry fetch attempt 1 at 10:39:26 PM
59 info attempt registry request try #1 at 10:39:26 PM
60 http fetch GET https://registry.npmjs.org/bower/-/bower-1.7.9.tgz
61 http fetch 200 https://registry.npmjs.org/bower/-/bower-1.7.9.tgz
62 silly fetchAndShaCheck shasum b7296c2393e0d75edaa6ca39648132dd255812b0
63 verbose addTmpTarball /var/folders/yg/c5mj0fnx1tl7bby0d4fqtz800000gn/T/npm-93252-b9efa142/registry.npmjs.org/bower/-/bower-1.7.9.tgz not in flight; adding
64 verbose addTmpTarball already have metadata; skipping unpack for bower@1.7.9
65 silly cache afterAdd bower@1.7.9
66 verbose afterAdd /Users/udaisingh/.npm/bower/1.7.9/package/package.json not in flight; writing
67 verbose afterAdd /Users/udaisingh/.npm/bower/1.7.9/package/package.json written
68 silly loadAllDepsIntoIdealTree Finishing
69 silly idealTree:prePrune lib
69 silly idealTree:prePrune └── bower@1.7.9
70 silly loadIdealTree Finishing
71 silly currentTree lib
71 silly currentTree └── bower@1.7.7
72 silly idealTree lib
72 silly idealTree └── bower@1.7.9
73 silly generateActionsToTake Starting
74 silly install generateActionsToTake
75 warn checkPermissions Missing write access to /usr/local/lib/node_modules/bower
76 warn checkPermissions Missing write access to /usr/local/lib/node_modules
77 silly rollbackFailedOptional Starting
78 silly rollbackFailedOptional Finishing
79 silly runTopLevelLifecycles Starting
80 silly runTopLevelLifecycles Finishing
81 silly install printInstalled
82 verbose stack Error: EACCES: permission denied, access '/usr/local/lib/node_modules/bower'
82 verbose stack     at Error (native)
83 verbose cwd /Users/udaisingh/Documents/github/StockAnalyzer2
84 error Darwin 15.4.0
85 error argv "/usr/local/bin/node" "/usr/local/bin/npm" "install" "-g" "bower"
86 error node v5.2.0
87 error npm  v3.3.12
88 error path /usr/local/lib/node_modules/bower
89 error code EACCES
90 error errno -13
91 error syscall access
92 error Error: EACCES: permission denied, access '/usr/local/lib/node_modules/bower'
92 error     at Error (native)
92 error  { [Error: EACCES: permission denied, access '/usr/local/lib/node_modules/bower']
92 error   errno: -13,
92 error   code: 'EACCES',
92 error   syscall: 'access',
92 error   path: '/usr/local/lib/node_modules/bower' }
93 error Please try running this command again as root/Administrator.
94 verbose exit [ -13, true ]
